# JRE version: OpenJDK Runtime Environment (8.0_131-b12) (build 1.8.0_131-b12)
# Java VM: OpenJDK 64-Bit Server VM (25.131-b12 mixed mode linux-amd64 compressed oops)
Heap:
 PSYoungGen      total 647680K, used 396219K [0x00000000d7b80000, 0x00000000fff80000, 0x0000000100000000)
  eden space 647168K, 61% used [0x00000000d7b80000,0x00000000efe6ed48,0x00000000ff380000)
  from space 512K, 0% used [0x00000000fff00000,0x00000000fff00000,0x00000000fff80000)
  to   space 1024K, 0% used [0x00000000ffd80000,0x00000000ffd80000,0x00000000ffe80000)
 ParOldGen       total 1320448K, used 1080472K [0x0000000087200000, 0x00000000d7b80000, 0x00000000d7b80000)
  object space 1320448K, 81% used [0x0000000087200000,0x00000000c91260e0,0x00000000d7b80000)
 Metaspace       used 2822K, capacity 4562K, committed 4864K, reserved 1056768K
  class space    used 264K, capacity 386K, committed 512K, reserved 1048576K
GC Heap History (10 events):
Event: 145394.335 GC heap before
{Heap before GC invocations=140841 (full 48268):
 PSYoungGen      total 640512K, used 639488K [0x00000000d7b80000, 0x0000000100000000, 0x0000000100000000)
  eden space 639488K, 100% used [0x00000000d7b80000,0x00000000fec00000,0x00000000fec00000)
  from space 1024K, 0% used [0x00000000ffe00000,0x00000000ffe00000,0x00000000fff00000)
  to   space 1024K, 0% used [0x00000000fff00000,0x00000000fff00000,0x0000000100000000)
 ParOldGen       total 1320448K, used 1208515K [0x0000000087200000, 0x00000000d7b80000, 0x00000000d7b80000)
  object space 1320448K, 91% used [0x0000000087200000,0x00000000d0e30d08,0x00000000d7b80000)
 Metaspace       used 2811K, capacity 4562K, committed 4864K, reserved 1056768K
  class space    used 263K, capacity 386K, committed 512K, reserved 1048576K
Event: 145394.346 GC heap after
Heap after GC invocations=140841 (full 48268):
 PSYoungGen      total 640512K, used 0K [0x00000000d7b80000, 0x0000000100000000, 0x0000000100000000)
  eden space 639488K, 0% used [0x00000000d7b80000,0x00000000d7b80000,0x00000000fec00000)
  from space 1024K, 0% used [0x00000000ffe00000,0x00000000ffe00000,0x00000000fff00000)
  to   space 1024K, 0% used [0x00000000fff00000,0x00000000fff00000,0x0000000100000000)
 ParOldGen       total 1320448K, used 1208515K [0x0000000087200000, 0x00000000d7b80000, 0x00000000d7b80000)
  object space 1320448K, 91% used [0x0000000087200000,0x00000000d0e30ce8,0x00000000d7b80000)
 Metaspace       used 2811K, capacity 4562K, committed 4864K, reserved 1056768K
  class space    used 263K, capacity 386K, committed 512K, reserved 1048576K
}
Event: 145395.503 GC heap before
{Heap before GC invocations=140842 (full 48269):
 PSYoungGen      total 640512K, used 461190K [0x00000000d7b80000, 0x0000000100000000, 0x0000000100000000)
  eden space 639488K, 72% used [0x00000000d7b80000,0x00000000f3de18b0,0x00000000fec00000)
  from space 1024K, 0% used [0x00000000ffe00000,0x00000000ffe00000,0x00000000fff00000)
  to   space 1024K, 0% used [0x00000000fff00000,0x00000000fff00000,0x0000000100000000)
 ParOldGen       total 1320448K, used 1208515K [0x0000000087200000, 0x00000000d7b80000, 0x00000000d7b80000)
  object space 1320448K, 91% used [0x0000000087200000,0x00000000d0e30ce8,0x00000000d7b80000)
 Metaspace       used 2813K, capacity 4562K, committed 4864K, reserved 1056768K
  class space    used 263K, capacity 386K, committed 512K, reserved 1048576K
Event: 145395.569 GC heap after
Heap after GC invocations=140842 (full 48269):
 PSYoungGen      total 640512K, used 0K [0x00000000d7b80000, 0x0000000100000000, 0x0000000100000000)
  eden space 639488K, 0% used [0x00000000d7b80000,0x00000000d7b80000,0x00000000fec00000)
  from space 1024K, 0% used [0x00000000ffe00000,0x00000000ffe00000,0x00000000fff00000)
  to   space 1024K, 0% used [0x00000000fff00000,0x00000000fff00000,0x0000000100000000)
 ParOldGen       total 1320448K, used 360699K [0x0000000087200000, 0x00000000d7b80000, 0x00000000d7b80000)
  object space 1320448K, 27% used [0x0000000087200000,0x000000009d23ee20,0x00000000d7b80000)
 Metaspace       used 2813K, capacity 4562K, committed 4864K, reserved 1056768K
  class space    used 263K, capacity 386K, committed 512K, reserved 1048576K
}
Event: 145396.023 GC heap before
{Heap before GC invocations=140843 (full 48269):
 PSYoungGen      total 640512K, used 552650K [0x00000000d7b80000, 0x0000000100000000, 0x0000000100000000)
  eden space 639488K, 86% used [0x00000000d7b80000,0x00000000f9732bc8,0x00000000fec00000)
  from space 1024K, 0% used [0x00000000ffe00000,0x00000000ffe00000,0x00000000fff00000)
  to   space 1024K, 0% used [0x00000000fff00000,0x00000000fff00000,0x0000000100000000)
 ParOldGen       total 1320448K, used 360699K [0x0000000087200000, 0x00000000d7b80000, 0x00000000d7b80000)
  object space 1320448K, 27% used [0x0000000087200000,0x000000009d23ee20,0x00000000d7b80000)
 Metaspace       used 2813K, capacity 4562K, committed 4864K, reserved 1056768K
  class space    used 263K, capacity 386K, committed 512K, reserved 1048576K
Event: 145396.085 GC heap after
Heap after GC invocations=140843 (full 48269):
 PSYoungGen      total 647680K, used 0K [0x00000000d7b80000, 0x00000000fff80000, 0x0000000100000000)
  eden space 647168K, 0% used [0x00000000d7b80000,0x00000000d7b80000,0x00000000ff380000)
  from space 512K, 0% used [0x00000000fff00000,0x00000000fff00000,0x00000000fff80000)
  to   space 1024K, 0% used [0x00000000ffd80000,0x00000000ffd80000,0x00000000ffe80000)
 ParOldGen       total 1320448K, used 900699K [0x0000000087200000, 0x00000000d7b80000, 0x00000000d7b80000)
  object space 1320448K, 68% used [0x0000000087200000,0x00000000be196e50,0x00000000d7b80000)
 Metaspace       used 2813K, capacity 4562K, committed 4864K, reserved 1056768K
  class space    used 263K, capacity 386K, committed 512K, reserved 1048576K
}
Event: 145396.085 GC heap before
{Heap before GC invocations=140844 (full 48270):
 PSYoungGen      total 647680K, used 0K [0x00000000d7b80000, 0x00000000fff80000, 0x0000000100000000)
  eden space 647168K, 0% used [0x00000000d7b80000,0x00000000d7b80000,0x00000000ff380000)
  from space 512K, 0% used [0x00000000fff00000,0x00000000fff00000,0x00000000fff80000)
  to   space 1024K, 0% used [0x00000000ffd80000,0x00000000ffd80000,0x00000000ffe80000)
 ParOldGen       total 1320448K, used 900699K [0x0000000087200000, 0x00000000d7b80000, 0x00000000d7b80000)
  object space 1320448K, 68% used [0x0000000087200000,0x00000000be196e50,0x00000000d7b80000)
 Metaspace       used 2813K, capacity 4562K, committed 4864K, reserved 1056768K
  class space    used 263K, capacity 386K, committed 512K, reserved 1048576K
Event: 145396.205 GC heap after
Heap after GC invocations=140844 (full 48270):
 PSYoungGen      total 647680K, used 0K [0x00000000d7b80000, 0x00000000fff80000, 0x0000000100000000)
  eden space 647168K, 0% used [0x00000000d7b80000,0x00000000d7b80000,0x00000000ff380000)
  from space 512K, 0% used [0x00000000fff00000,0x00000000fff00000,0x00000000fff80000)
  to   space 1024K, 0% used [0x00000000ffd80000,0x00000000ffd80000,0x00000000ffe80000)
 ParOldGen       total 1320448K, used 900472K [0x0000000087200000, 0x00000000d7b80000, 0x00000000d7b80000)
  object space 1320448K, 68% used [0x0000000087200000,0x00000000be15e0d0,0x00000000d7b80000)
 Metaspace       used 2813K, capacity 4562K, committed 4864K, reserved 1056768K
  class space    used 263K, capacity 386K, committed 512K, reserved 1048576K
}
Event: 147476.259 GC heap before
{Heap before GC invocations=140845 (full 48271):
 PSYoungGen      total 647680K, used 551345K [0x00000000d7b80000, 0x00000000fff80000, 0x0000000100000000)
  eden space 647168K, 85% used [0x00000000d7b80000,0x00000000f95ec5c8,0x00000000ff380000)
  from space 512K, 0% used [0x00000000fff00000,0x00000000fff00000,0x00000000fff80000)
  to   space 1024K, 0% used [0x00000000ffd80000,0x00000000ffd80000,0x00000000ffe80000)
 ParOldGen       total 1320448K, used 900472K [0x0000000087200000, 0x00000000d7b80000, 0x00000000d7b80000)
  object space 1320448K, 68% used [0x0000000087200000,0x00000000be15e0d0,0x00000000d7b80000)
 Metaspace       used 2813K, capacity 4562K, committed 4864K, reserved 1056768K
  class space    used 263K, capacity 386K, committed 512K, reserved 1048576K
Event: 147476.298 GC heap after
Heap after GC invocations=140845 (full 48271):
 PSYoungGen      total 647680K, used 0K [0x00000000d7b80000, 0x00000000fff80000, 0x0000000100000000)
  eden space 647168K, 0% used [0x00000000d7b80000,0x00000000d7b80000,0x00000000ff380000)
  from space 512K, 0% used [0x00000000fff00000,0x00000000fff00000,0x00000000fff80000)
  to   space 1024K, 0% used [0x00000000ffd80000,0x00000000ffd80000,0x00000000ffe80000)
 ParOldGen       total 1320448K, used 1080472K [0x0000000087200000, 0x00000000d7b80000, 0x00000000d7b80000)
  object space 1320448K, 81% used [0x0000000087200000,0x00000000c91260e0,0x00000000d7b80000)
 Metaspace       used 2813K, capacity 4562K, committed 4864K, reserved 1056768K
  class space    used 263K, capacity 386K, committed 512K, reserved 1048576K
}

